14:42:04,439 INFO  net.codjo.plugin.common.ApplicationCoreMock - Utilisation de la configuration surcharge : file:C:\Users\fuchs/log4j.properties
14:48:07,151 INFO  net.codjo.plugin.common.ApplicationCoreMock - Utilisation de la configuration surcharge : file:C:\Users\fuchs/log4j.properties
14:48:09,058 INFO  net.codjo.mad.client.plugin.InstituteAmbassadorInitiator - Ambassador '' instituated
14:48:14,116 INFO  net.codjo.plugin.common.ApplicationCoreMock - Utilisation de la configuration surcharge : file:C:\Users\fuchs/log4j.properties
14:48:14,197 INFO  net.codjo.plugin.common.ApplicationCoreMock - Utilisation de la configuration surcharge : file:C:\Users\fuchs/log4j.properties
14:48:15,986 INFO  net.codjo.mad.client.plugin.InstituteAmbassadorInitiator - Ambassador '' instituated
14:48:16,099 INFO  net.codjo.plugin.common.ApplicationCoreMock - Utilisation de la configuration surcharge : file:C:\Users\fuchs/log4j.properties
14:48:16,127 INFO  net.codjo.mad.client.plugin.InstituteAmbassadorInitiator - Ambassador '' instituated
14:48:16,209 INFO  net.codjo.plugin.common.ApplicationCoreMock - Utilisation de la configuration surcharge : file:C:\Users\fuchs/log4j.properties
14:48:16,222 INFO  net.codjo.agent.imtp.NoConnectionIMTPManager - Demarrage du 'NoConnectionIMTPManager' : Communication intra-platform bloquee
14:48:16,262 INFO  net.codjo.mad.client.plugin.InstituteAmbassadorInitiator - Ambassador 'ambassador' instituated
14:48:16,264 DEBUG net.codjo.mad.client.plugin.RequestInitiator - Décompression du message reçu en 0 ms
14:48:16,346 INFO  net.codjo.plugin.common.ApplicationCoreMock - Utilisation de la configuration surcharge : file:C:\Users\fuchs/log4j.properties
14:48:16,351 INFO  net.codjo.agent.imtp.NoConnectionIMTPManager - Demarrage du 'NoConnectionIMTPManager' : Communication intra-platform bloquee
14:48:16,369 INFO  net.codjo.mad.client.plugin.InstituteAmbassadorInitiator - Ambassador cannot be created
14:48:16,432 INFO  net.codjo.plugin.common.ApplicationCoreMock - Utilisation de la configuration surcharge : file:C:\Users\fuchs/log4j.properties
14:48:16,446 INFO  net.codjo.mad.client.request.RequestSender - > Envoie de 1 requete(s) au serveur doIt avec un timeout de 60000 ms
14:48:16,767 INFO  net.codjo.mad.client.request.RequestSender - < Envoie de la requete au serveur (321 ms) 
14:48:16,767 DEBUG net.codjo.mad.client.request.RequestSender - *****************************************
14:48:16,777 DEBUG net.codjo.mad.client.request.RequestSender - <?xml version="1.0"?>
<requests><audit><user>fuchs</user></audit><command request_id="1"><id>doIt</id></command></requests>
14:48:16,777 DEBUG net.codjo.mad.client.request.RequestSender - -----------------------------------------
14:48:16,777 DEBUG net.codjo.mad.client.request.RequestSender - <?xml version="1.0"?>
<results><result request_id="1" totalRowCount="2"><primarykey><field name="id"/></primarykey><row><field name="id">0</field></row><row><field name="id">1</field></row></result></results>
14:48:16,780 DEBUG net.codjo.mad.client.request.RequestSender - *****************************************
14:48:16,792 DEBUG net.codjo.mad.client.request.ResultFactory - Désérialisation du xml réalisée en 11 ms
14:48:16,797 INFO  net.codjo.plugin.common.ApplicationCoreMock - Utilisation de la configuration surcharge : file:C:\Users\fuchs/log4j.properties
14:48:16,799 INFO  net.codjo.mad.client.request.RequestSender - > Envoie de 1 requete(s) au serveur null avec un timeout de 10 ms
14:48:16,819 INFO  net.codjo.mad.client.request.RequestSender - < Envoie de la requete au serveur (20 ms) 
14:48:16,819 DEBUG net.codjo.mad.client.request.RequestSender - *****************************************
14:48:16,829 DEBUG net.codjo.mad.client.request.RequestSender - <?xml version="1.0"?>
<requests><audit><user>fuchs</user></audit><command request_id="1"/></requests>
14:48:16,829 DEBUG net.codjo.mad.client.request.RequestSender - -----------------------------------------
14:48:16,829 DEBUG net.codjo.mad.client.request.RequestSender - <?xml version="1.0"?>
<results><result request_id="1" totalRowCount="2"><primarykey><field name="myId"/></primarykey><row><field name="myId">1</field><field name="name">bobo</field><field name="comment">c1</field></row><row><field name="myId">2</field><field name="name">boris</field><field name="comment">c2</field></row></result></results>
14:48:16,832 DEBUG net.codjo.mad.client.request.RequestSender - *****************************************
14:48:16,839 DEBUG net.codjo.mad.client.request.ResultFactory - Désérialisation du xml réalisée en 7 ms
14:48:16,843 INFO  net.codjo.plugin.common.ApplicationCoreMock - Utilisation de la configuration surcharge : file:C:\Users\fuchs/log4j.properties
14:48:16,844 INFO  net.codjo.mad.client.request.RequestSender - > Envoie de 1 requete(s) au serveur null avec un timeout de 10 ms
14:48:16,859 INFO  net.codjo.mad.client.request.RequestSender - < Envoie de la requete au serveur (15 ms) 
14:48:16,859 DEBUG net.codjo.mad.client.request.RequestSender - *****************************************
14:48:16,868 DEBUG net.codjo.mad.client.request.RequestSender - <?xml version="1.0"?>
<requests><audit><user>fuchs</user></audit><command request_id="1"/></requests>
14:48:16,868 DEBUG net.codjo.mad.client.request.RequestSender - -----------------------------------------
14:48:16,869 DEBUG net.codjo.mad.client.request.RequestSender - <?xml version="1.0"?>
<results><result request_id="1" totalRowCount="2"><primarykey><field name="myId"/></primarykey><row><field name="myId">1</field><field name="name">bobo</field><field name="comment">c1</field></row><row><field name="myId">2</field><field name="name">boris</field><field name="comment">c2</field></row></result></results>
14:48:16,869 DEBUG net.codjo.mad.client.request.RequestSender - *****************************************
14:48:16,878 DEBUG net.codjo.mad.client.request.ResultFactory - Désérialisation du xml réalisée en 8 ms
14:48:16,882 INFO  net.codjo.plugin.common.ApplicationCoreMock - Utilisation de la configuration surcharge : file:C:\Users\fuchs/log4j.properties
14:48:16,883 INFO  net.codjo.mad.client.request.RequestSender - > Envoie de 1 requete(s) au serveur doIt avec un timeout de 60000 ms
14:48:16,897 INFO  net.codjo.mad.client.request.RequestSender - < Envoie de la requete au serveur (14 ms) 
14:48:16,897 DEBUG net.codjo.mad.client.request.RequestSender - *****************************************
14:48:16,910 DEBUG net.codjo.mad.client.request.RequestSender - <?xml version="1.0"?>
<requests><audit><user>fuchs</user></audit><command request_id="1"><id>doIt</id></command></requests>
14:48:16,911 DEBUG net.codjo.mad.client.request.RequestSender - -----------------------------------------
14:48:16,911 DEBUG net.codjo.mad.client.request.RequestSender - <?xml version="1.0"?>
<results><error request_id="1"><label>Error</label></error></results>
14:48:16,911 DEBUG net.codjo.mad.client.request.RequestSender - *****************************************
14:48:16,920 DEBUG net.codjo.mad.client.request.ResultFactory - Désérialisation du xml réalisée en 6 ms
14:48:16,924 INFO  net.codjo.plugin.common.ApplicationCoreMock - Utilisation de la configuration surcharge : file:C:\Users\fuchs/log4j.properties
14:48:16,926 INFO  net.codjo.mad.client.request.RequestSender - > Envoie de 2 requete(s) au serveur first avec un timeout de 60000 ms
14:48:16,946 INFO  net.codjo.mad.client.request.RequestSender - < Envoie de la requete au serveur (20 ms) 
14:48:16,947 DEBUG net.codjo.mad.client.request.RequestSender - *****************************************
14:48:16,960 DEBUG net.codjo.mad.client.request.RequestSender - <?xml version="1.0"?>
<requests><audit><user>fuchs</user></audit><command request_id="1"><id>first</id></command><command request_id="2"><id>second</id></command></requests>
14:48:16,961 DEBUG net.codjo.mad.client.request.RequestSender - -----------------------------------------
14:48:16,961 DEBUG net.codjo.mad.client.request.RequestSender - <?xml version="1.0"?>
<results><result request_id="1" totalRowCount="2"><primarykey><field name="id"/></primarykey><row><field name="id">00</field></row><row><field name="id">01</field></row></result><result request_id="2" totalRowCount="2"><primarykey><field name="id"/></primarykey><row><field name="id">10</field></row><row><field name="id">11</field></row></result></results>
14:48:16,963 DEBUG net.codjo.mad.client.request.RequestSender - *****************************************
14:48:16,974 DEBUG net.codjo.mad.client.request.ResultFactory - Désérialisation du xml réalisée en 11 ms
14:48:16,977 INFO  net.codjo.plugin.common.ApplicationCoreMock - Utilisation de la configuration surcharge : file:C:\Users\fuchs/log4j.properties
14:48:16,977 INFO  net.codjo.mad.client.request.RequestSender - > Envoie de 2 requete(s) au serveur first avec un timeout de 60000 ms
14:48:16,997 INFO  net.codjo.mad.client.request.RequestSender - < Envoie de la requete au serveur (20 ms) 
14:48:16,997 DEBUG net.codjo.mad.client.request.RequestSender - *****************************************
14:48:17,008 DEBUG net.codjo.mad.client.request.RequestSender - <?xml version="1.0"?>
<requests><audit><user>fuchs</user></audit><command request_id="1"><id>first</id></command><command request_id="2"><id>second</id></command></requests>
14:48:17,008 DEBUG net.codjo.mad.client.request.RequestSender - -----------------------------------------
14:48:17,008 DEBUG net.codjo.mad.client.request.RequestSender - <?xml version="1.0"?>
<results><error request_id="1"><label>Error</label></error></results>
14:48:17,010 DEBUG net.codjo.mad.client.request.RequestSender - *****************************************
14:48:17,016 DEBUG net.codjo.mad.client.request.ResultFactory - Désérialisation du xml réalisée en 6 ms
14:48:17,020 INFO  net.codjo.plugin.common.ApplicationCoreMock - Utilisation de la configuration surcharge : file:C:\Users\fuchs/log4j.properties
